<?xml version="1.0" encoding="UTF-8"?>
<!-- Generated by org.testng.reporters.JUnitReportReporter -->
<testsuite skipped="0" hostname="DESKTOP-OB90OE0" name="pages.NewTest" tests="1" failures="0" timestamp="14 Aug 2020 18:42:51 GMT" time="0.032" errors="0">
  <testcase name="f" time="0.032" classname="pages.NewTest"/>
</testsuite> <!-- pages.NewTest -->
